android/app/build/intermediates/manifest_merge_blame_file/release/manifest-merger-blame-release-report.txt
1<?xml version="1.0" encoding="utf-8"?>
2<manifest xmlns:android="http://schemas.android.com/apk/res/android"
3    package="com.ebizimba.islam"
4    android:versionCode="1"
5    android:versionName="1.0" >
6
7    <uses-sdk
8        android:minSdkVersion="26"
9        android:targetSdkVersion="34" />
10
11    <!-- Permissions -->
12    <uses-permission android:name="android.permission.INTERNET" />
12-->src\main\AndroidManifest.xml:68:5-67
12-->src\main\AndroidManifest.xml:68:22-64
13    <uses-permission android:name="android.permission.READ_PHONE_STATE" />
13-->src\main\AndroidManifest.xml:69:5-75
13-->src\main\AndroidManifest.xml:69:22-72
14    <uses-permission android:name="android.permission.POST_NOTIFICATIONS" />
14-->src\main\AndroidManifest.xml:70:5-77
14-->src\main\AndroidManifest.xml:70:22-74
15    <uses-permission android:name="android.permission.ACCESS_NETWORK_STATE" />
15-->src\main\AndroidManifest.xml:71:5-79
15-->src\main\AndroidManifest.xml:71:22-76
16    <uses-permission android:name="android.permission.WAKE_LOCK" />
16-->src\main\AndroidManifest.xml:72:5-68
16-->src\main\AndroidManifest.xml:72:22-65
17    <uses-permission android:name="android.permission.SCHEDULE_EXACT_ALARM" />
17-->src\main\AndroidManifest.xml:73:5-79
17-->src\main\AndroidManifest.xml:73:22-76
18    <uses-permission android:name="android.permission.RECEIVE_BOOT_COMPLETED" />
18-->src\main\AndroidManifest.xml:74:5-81
18-->src\main\AndroidManifest.xml:74:22-78
19    <!-- Required by older versions of Google Play services to create IID tokens -->
20    <uses-permission android:name="com.google.android.c2dm.permission.RECEIVE" />
20-->[com.google.firebase:firebase-messaging:23.4.1] AndroidManifest.xml:26:5-82
20-->[com.google.firebase:firebase-messaging:23.4.1] AndroidManifest.xml:26:22-79
21    <uses-permission android:name="com.android.vending.BILLING" />
21-->[com.android.billingclient:billing:6.2.1] AndroidManifest.xml:10:5-67
21-->[com.android.billingclient:billing:6.2.1] AndroidManifest.xml:10:22-64
22
23    <queries>
23-->[com.android.billingclient:billing:6.2.1] AndroidManifest.xml:12:5-16:15
24        <intent>
24-->[com.android.billingclient:billing:6.2.1] AndroidManifest.xml:13:9-15:18
25            <action android:name="com.android.vending.billing.InAppBillingService.BIND" />
25-->[com.android.billingclient:billing:6.2.1] AndroidManifest.xml:14:13-91
25-->[com.android.billingclient:billing:6.2.1] AndroidManifest.xml:14:21-88
26        </intent>
27    </queries>
28
29    <permission
29-->[androidx.core:core:1.10.1] AndroidManifest.xml:22:5-24:47
30        android:name="com.ebizimba.islam.DYNAMIC_RECEIVER_NOT_EXPORTED_PERMISSION"
30-->[androidx.core:core:1.10.1] AndroidManifest.xml:23:9-81
31        android:protectionLevel="signature" />
31-->[androidx.core:core:1.10.1] AndroidManifest.xml:24:9-44
32
33    <uses-permission android:name="com.ebizimba.islam.DYNAMIC_RECEIVER_NOT_EXPORTED_PERMISSION" />
33-->[androidx.core:core:1.10.1] AndroidManifest.xml:26:5-97
33-->[androidx.core:core:1.10.1] AndroidManifest.xml:26:22-94
34
35    <application
35-->src\main\AndroidManifest.xml:4:5-65:19
36        android:allowBackup="true"
36-->src\main\AndroidManifest.xml:5:9-35
37        android:appComponentFactory="androidx.core.app.CoreComponentFactory"
37-->[androidx.core:core:1.10.1] AndroidManifest.xml:28:18-86
38        android:extractNativeLibs="false"
39        android:hardwareAccelerated="true"
39-->src\main\AndroidManifest.xml:10:9-43
40        android:icon="@mipmap/ic_launcher"
40-->src\main\AndroidManifest.xml:6:9-43
41        android:label="@string/app_name"
41-->src\main\AndroidManifest.xml:7:9-41
42        android:largeHeap="true"
42-->src\main\AndroidManifest.xml:11:9-33
43        android:roundIcon="@mipmap/ic_launcher_round"
43-->src\main\AndroidManifest.xml:8:9-54
44        android:supportsRtl="true"
44-->src\main\AndroidManifest.xml:9:9-35
45        android:theme="@style/AppTheme" >
45-->src\main\AndroidManifest.xml:12:9-40
46        <activity
46-->src\main\AndroidManifest.xml:14:9-40:20
47            android:name="com.ebizimba.islam.MainActivity"
47-->src\main\AndroidManifest.xml:16:13-41
48            android:configChanges="orientation|keyboardHidden|keyboard|screenSize|locale|smallestScreenSize|screenLayout|uiMode"
48-->src\main\AndroidManifest.xml:15:13-129
49            android:exported="true"
49-->src\main\AndroidManifest.xml:20:13-36
50            android:hardwareAccelerated="true"
50-->src\main\AndroidManifest.xml:22:13-47
51            android:keepScreenOn="true"
51-->src\main\AndroidManifest.xml:23:13-40
52            android:label="@string/title_activity_main"
52-->src\main\AndroidManifest.xml:17:13-56
53            android:launchMode="singleTask"
53-->src\main\AndroidManifest.xml:19:13-44
54            android:resizeableActivity="true"
54-->src\main\AndroidManifest.xml:21:13-46
55            android:screenOrientation="portrait"
55-->src\main\AndroidManifest.xml:24:13-49
56            android:theme="@style/AppTheme.NoActionBarLaunch"
56-->src\main\AndroidManifest.xml:18:13-62
57            android:windowSoftInputMode="adjustResize" >
57-->src\main\AndroidManifest.xml:25:13-55
58            <intent-filter>
58-->src\main\AndroidManifest.xml:27:13-30:29
59                <action android:name="android.intent.action.MAIN" />
59-->src\main\AndroidManifest.xml:28:17-69
59-->src\main\AndroidManifest.xml:28:25-66
60
61                <category android:name="android.intent.category.LAUNCHER" />
61-->src\main\AndroidManifest.xml:29:17-77
61-->src\main\AndroidManifest.xml:29:27-74
62            </intent-filter>
63
64            <!-- Add intent filter for Google Sign-In -->
65            <intent-filter>
65-->src\main\AndroidManifest.xml:33:13-38:29
66                <action android:name="android.intent.action.VIEW" />
66-->src\main\AndroidManifest.xml:34:17-69
66-->src\main\AndroidManifest.xml:34:25-66
67
68                <category android:name="android.intent.category.DEFAULT" />
68-->src\main\AndroidManifest.xml:35:17-76
68-->src\main\AndroidManifest.xml:35:27-73
69                <category android:name="android.intent.category.BROWSABLE" />
69-->src\main\AndroidManifest.xml:36:17-78
69-->src\main\AndroidManifest.xml:36:27-75
70
71                <data android:scheme="@string/custom_url_scheme" />
71-->src\main\AndroidManifest.xml:37:17-68
71-->src\main\AndroidManifest.xml:37:23-65
72            </intent-filter>
73        </activity>
74
75        <provider
76            android:name="androidx.core.content.FileProvider"
76-->src\main\AndroidManifest.xml:43:13-62
77            android:authorities="com.ebizimba.islam.fileprovider"
77-->src\main\AndroidManifest.xml:44:13-64
78            android:exported="false"
78-->src\main\AndroidManifest.xml:45:13-37
79            android:grantUriPermissions="true" >
79-->src\main\AndroidManifest.xml:46:13-47
80            <meta-data
80-->src\main\AndroidManifest.xml:47:13-49:64
81                android:name="android.support.FILE_PROVIDER_PATHS"
81-->src\main\AndroidManifest.xml:48:17-67
82                android:resource="@xml/file_paths" />
82-->src\main\AndroidManifest.xml:49:17-51
83        </provider>
84
85        <!-- Firebase Messaging Service -->
86        <service
86-->src\main\AndroidManifest.xml:53:9-59:19
87            android:name="com.capacitorjs.plugins.pushnotifications.MessagingService"
87-->src\main\AndroidManifest.xml:54:13-86
88            android:exported="false" >
88-->src\main\AndroidManifest.xml:55:13-37
89            <intent-filter>
89-->src\main\AndroidManifest.xml:56:13-58:29
90                <action android:name="com.google.firebase.MESSAGING_EVENT" />
90-->src\main\AndroidManifest.xml:57:17-78
90-->src\main\AndroidManifest.xml:57:25-75
91            </intent-filter>
92        </service>
93
94        <!-- Local Notifications Icon -->
95        <meta-data
95-->src\main\AndroidManifest.xml:62:9-64:60
96            android:name="com.capacitorjs.plugins.localnotifications.icon"
96-->src\main\AndroidManifest.xml:63:13-75
97            android:resource="@drawable/ic_notification" />
97-->src\main\AndroidManifest.xml:64:13-57
98
99        <receiver android:name="com.capacitorjs.plugins.localnotifications.TimedNotificationPublisher" />
99-->[:capacitor-local-notifications] AndroidManifest.xml:12:9-106
99-->[:capacitor-local-notifications] AndroidManifest.xml:12:19-103
100        <receiver android:name="com.capacitorjs.plugins.localnotifications.NotificationDismissReceiver" />
100-->[:capacitor-local-notifications] AndroidManifest.xml:13:9-107
100-->[:capacitor-local-notifications] AndroidManifest.xml:13:19-104
101        <receiver
101-->[:capacitor-local-notifications] AndroidManifest.xml:14:9-23:20
102            android:name="com.capacitorjs.plugins.localnotifications.LocalNotificationRestoreReceiver"
102-->[:capacitor-local-notifications] AndroidManifest.xml:15:13-103
103            android:directBootAware="true"
103-->[:capacitor-local-notifications] AndroidManifest.xml:16:13-43
104            android:exported="false" >
104-->[:capacitor-local-notifications] AndroidManifest.xml:17:13-37
105            <intent-filter>
105-->[:capacitor-local-notifications] AndroidManifest.xml:18:13-22:29
106                <action android:name="android.intent.action.LOCKED_BOOT_COMPLETED" />
106-->[:capacitor-local-notifications] AndroidManifest.xml:19:17-86
106-->[:capacitor-local-notifications] AndroidManifest.xml:19:25-83
107                <action android:name="android.intent.action.BOOT_COMPLETED" />
107-->[:capacitor-local-notifications] AndroidManifest.xml:20:17-79
107-->[:capacitor-local-notifications] AndroidManifest.xml:20:25-76
108                <action android:name="android.intent.action.QUICKBOOT_POWERON" />
108-->[:capacitor-local-notifications] AndroidManifest.xml:21:17-82
108-->[:capacitor-local-notifications] AndroidManifest.xml:21:25-79
109            </intent-filter>
110        </receiver>
111        <receiver
111-->[com.google.firebase:firebase-messaging:23.4.1] AndroidManifest.xml:29:9-40:20
112            android:name="com.google.firebase.iid.FirebaseInstanceIdReceiver"
112-->[com.google.firebase:firebase-messaging:23.4.1] AndroidManifest.xml:30:13-78
113            android:exported="true"
113-->[com.google.firebase:firebase-messaging:23.4.1] AndroidManifest.xml:31:13-36
114            android:permission="com.google.android.c2dm.permission.SEND" >
114-->[com.google.firebase:firebase-messaging:23.4.1] AndroidManifest.xml:32:13-73
115            <intent-filter>
115-->[com.google.firebase:firebase-messaging:23.4.1] AndroidManifest.xml:33:13-35:29
116                <action android:name="com.google.android.c2dm.intent.RECEIVE" />
116-->[com.google.firebase:firebase-messaging:23.4.1] AndroidManifest.xml:34:17-81
116-->[com.google.firebase:firebase-messaging:23.4.1] AndroidManifest.xml:34:25-78
117            </intent-filter>
118
119            <meta-data
119-->[com.google.firebase:firebase-messaging:23.4.1] AndroidManifest.xml:37:13-39:40
120                android:name="com.google.android.gms.cloudmessaging.FINISHED_AFTER_HANDLED"
120-->[com.google.firebase:firebase-messaging:23.4.1] AndroidManifest.xml:38:17-92
121                android:value="true" />
121-->[com.google.firebase:firebase-messaging:23.4.1] AndroidManifest.xml:39:17-37
122        </receiver>
123        <!--
124             FirebaseMessagingService performs security checks at runtime,
125             but set to not exported to explicitly avoid allowing another app to call it.
126        -->
127        <service
127-->[com.google.firebase:firebase-messaging:23.4.1] AndroidManifest.xml:46:9-53:19
128            android:name="com.google.firebase.messaging.FirebaseMessagingService"
128-->[com.google.firebase:firebase-messaging:23.4.1] AndroidManifest.xml:47:13-82
129            android:directBootAware="true"
129-->[com.google.firebase:firebase-messaging:23.4.1] AndroidManifest.xml:48:13-43
130            android:exported="false" >
130-->[com.google.firebase:firebase-messaging:23.4.1] AndroidManifest.xml:49:13-37
131            <intent-filter android:priority="-500" >
131-->src\main\AndroidManifest.xml:56:13-58:29
132                <action android:name="com.google.firebase.MESSAGING_EVENT" />
132-->src\main\AndroidManifest.xml:57:17-78
132-->src\main\AndroidManifest.xml:57:25-75
133            </intent-filter>
134        </service>
135        <service
135-->[com.google.firebase:firebase-messaging:23.4.1] AndroidManifest.xml:54:9-63:19
136            android:name="com.google.firebase.components.ComponentDiscoveryService"
136-->[com.google.firebase:firebase-messaging:23.4.1] AndroidManifest.xml:55:13-84
137            android:directBootAware="true"
137-->[com.google.firebase:firebase-common:20.4.2] AndroidManifest.xml:32:13-43
138            android:exported="false" >
138-->[com.google.firebase:firebase-messaging:23.4.1] AndroidManifest.xml:56:13-37
139            <meta-data
139-->[com.google.firebase:firebase-messaging:23.4.1] AndroidManifest.xml:57:13-59:85
140                android:name="com.google.firebase.components:com.google.firebase.messaging.FirebaseMessagingKtxRegistrar"
140-->[com.google.firebase:firebase-messaging:23.4.1] AndroidManifest.xml:58:17-122
141                android:value="com.google.firebase.components.ComponentRegistrar" />
141-->[com.google.firebase:firebase-messaging:23.4.1] AndroidManifest.xml:59:17-82
142            <meta-data
142-->[com.google.firebase:firebase-messaging:23.4.1] AndroidManifest.xml:60:13-62:85
143                android:name="com.google.firebase.components:com.google.firebase.messaging.FirebaseMessagingRegistrar"
143-->[com.google.firebase:firebase-messaging:23.4.1] AndroidManifest.xml:61:17-119
144                android:value="com.google.firebase.components.ComponentRegistrar" />
144-->[com.google.firebase:firebase-messaging:23.4.1] AndroidManifest.xml:62:17-82
145            <meta-data
145-->[com.google.firebase:firebase-installations:17.2.0] AndroidManifest.xml:15:13-17:85
146                android:name="com.google.firebase.components:com.google.firebase.installations.FirebaseInstallationsKtxRegistrar"
146-->[com.google.firebase:firebase-installations:17.2.0] AndroidManifest.xml:16:17-130
147                android:value="com.google.firebase.components.ComponentRegistrar" />
147-->[com.google.firebase:firebase-installations:17.2.0] AndroidManifest.xml:17:17-82
148            <meta-data
148-->[com.google.firebase:firebase-installations:17.2.0] AndroidManifest.xml:18:13-20:85
149                android:name="com.google.firebase.components:com.google.firebase.installations.FirebaseInstallationsRegistrar"
149-->[com.google.firebase:firebase-installations:17.2.0] AndroidManifest.xml:19:17-127
150                android:value="com.google.firebase.components.ComponentRegistrar" />
150-->[com.google.firebase:firebase-installations:17.2.0] AndroidManifest.xml:20:17-82
151            <meta-data
151-->[com.google.firebase:firebase-common-ktx:20.4.2] AndroidManifest.xml:12:13-14:85
152                android:name="com.google.firebase.components:com.google.firebase.ktx.FirebaseCommonLegacyRegistrar"
152-->[com.google.firebase:firebase-common-ktx:20.4.2] AndroidManifest.xml:13:17-116
153                android:value="com.google.firebase.components.ComponentRegistrar" />
153-->[com.google.firebase:firebase-common-ktx:20.4.2] AndroidManifest.xml:14:17-82
154            <meta-data
154-->[com.google.firebase:firebase-common:20.4.2] AndroidManifest.xml:35:13-37:85
155                android:name="com.google.firebase.components:com.google.firebase.FirebaseCommonKtxRegistrar"
155-->[com.google.firebase:firebase-common:20.4.2] AndroidManifest.xml:36:17-109
156                android:value="com.google.firebase.components.ComponentRegistrar" />
156-->[com.google.firebase:firebase-common:20.4.2] AndroidManifest.xml:37:17-82
157            <meta-data
157-->[com.google.firebase:firebase-datatransport:18.1.7] AndroidManifest.xml:27:13-29:85
158                android:name="com.google.firebase.components:com.google.firebase.datatransport.TransportRegistrar"
158-->[com.google.firebase:firebase-datatransport:18.1.7] AndroidManifest.xml:28:17-115
159                android:value="com.google.firebase.components.ComponentRegistrar" />
159-->[com.google.firebase:firebase-datatransport:18.1.7] AndroidManifest.xml:29:17-82
160        </service>
161
162        <activity
162-->[com.google.android.gms:play-services-auth:20.7.0] AndroidManifest.xml:23:9-27:75
163            android:name="com.google.android.gms.auth.api.signin.internal.SignInHubActivity"
163-->[com.google.android.gms:play-services-auth:20.7.0] AndroidManifest.xml:24:13-93
164            android:excludeFromRecents="true"
164-->[com.google.android.gms:play-services-auth:20.7.0] AndroidManifest.xml:25:13-46
165            android:exported="false"
165-->[com.google.android.gms:play-services-auth:20.7.0] AndroidManifest.xml:26:13-37
166            android:theme="@android:style/Theme.Translucent.NoTitleBar" />
166-->[com.google.android.gms:play-services-auth:20.7.0] AndroidManifest.xml:27:13-72
167        <!--
168            Service handling Google Sign-In user revocation. For apps that do not integrate with
169            Google Sign-In, this service will never be started.
170        -->
171        <service
171-->[com.google.android.gms:play-services-auth:20.7.0] AndroidManifest.xml:33:9-37:51
172            android:name="com.google.android.gms.auth.api.signin.RevocationBoundService"
172-->[com.google.android.gms:play-services-auth:20.7.0] AndroidManifest.xml:34:13-89
173            android:exported="true"
173-->[com.google.android.gms:play-services-auth:20.7.0] AndroidManifest.xml:35:13-36
174            android:permission="com.google.android.gms.auth.api.signin.permission.REVOCATION_NOTIFICATION"
174-->[com.google.android.gms:play-services-auth:20.7.0] AndroidManifest.xml:36:13-107
175            android:visibleToInstantApps="true" />
175-->[com.google.android.gms:play-services-auth:20.7.0] AndroidManifest.xml:37:13-48
176
177        <receiver
177-->[com.revenuecat.purchases:purchases-store-amazon:7.12.0] AndroidManifest.xml:8:9-15:20
178            android:name="com.amazon.device.iap.ResponseReceiver"
178-->[com.revenuecat.purchases:purchases-store-amazon:7.12.0] AndroidManifest.xml:9:13-66
179            android:exported="true"
179-->[com.revenuecat.purchases:purchases-store-amazon:7.12.0] AndroidManifest.xml:10:13-36
180            android:permission="com.amazon.inapp.purchasing.Permission.NOTIFY" >
180-->[com.revenuecat.purchases:purchases-store-amazon:7.12.0] AndroidManifest.xml:11:13-79
181            <intent-filter>
181-->[com.revenuecat.purchases:purchases-store-amazon:7.12.0] AndroidManifest.xml:12:13-14:29
182                <action android:name="com.amazon.inapp.purchasing.NOTIFY" />
182-->[com.revenuecat.purchases:purchases-store-amazon:7.12.0] AndroidManifest.xml:13:17-77
182-->[com.revenuecat.purchases:purchases-store-amazon:7.12.0] AndroidManifest.xml:13:25-74
183            </intent-filter>
184        </receiver>
185
186        <activity
186-->[com.revenuecat.purchases:purchases:7.12.0] AndroidManifest.xml:10:9-13:75
187            android:name="com.revenuecat.purchases.amazon.purchasing.ProxyAmazonBillingActivity"
187-->[com.revenuecat.purchases:purchases:7.12.0] AndroidManifest.xml:11:13-97
188            android:configChanges="keyboard|keyboardHidden|screenLayout|screenSize|orientation"
188-->[com.revenuecat.purchases:purchases:7.12.0] AndroidManifest.xml:12:13-96
189            android:theme="@android:style/Theme.Translucent.NoTitleBar" />
189-->[com.revenuecat.purchases:purchases:7.12.0] AndroidManifest.xml:13:13-72
190
191        <meta-data
191-->[com.android.billingclient:billing:6.2.1] AndroidManifest.xml:19:9-21:37
192            android:name="com.google.android.play.billingclient.version"
192-->[com.android.billingclient:billing:6.2.1] AndroidManifest.xml:20:13-73
193            android:value="6.2.1" />
193-->[com.android.billingclient:billing:6.2.1] AndroidManifest.xml:21:13-34
194
195        <activity
195-->[com.android.billingclient:billing:6.2.1] AndroidManifest.xml:23:9-27:75
196            android:name="com.android.billingclient.api.ProxyBillingActivity"
196-->[com.android.billingclient:billing:6.2.1] AndroidManifest.xml:24:13-78
197            android:configChanges="keyboard|keyboardHidden|screenLayout|screenSize|orientation"
197-->[com.android.billingclient:billing:6.2.1] AndroidManifest.xml:25:13-96
198            android:exported="false"
198-->[com.android.billingclient:billing:6.2.1] AndroidManifest.xml:26:13-37
199            android:theme="@android:style/Theme.Translucent.NoTitleBar" />
199-->[com.android.billingclient:billing:6.2.1] AndroidManifest.xml:27:13-72
200        <activity
200-->[com.android.billingclient:billing:6.2.1] AndroidManifest.xml:28:9-32:75
201            android:name="com.android.billingclient.api.ProxyBillingActivityV2"
201-->[com.android.billingclient:billing:6.2.1] AndroidManifest.xml:29:13-80
202            android:configChanges="keyboard|keyboardHidden|screenLayout|screenSize|orientation"
202-->[com.android.billingclient:billing:6.2.1] AndroidManifest.xml:30:13-96
203            android:exported="false"
203-->[com.android.billingclient:billing:6.2.1] AndroidManifest.xml:31:13-37
204            android:theme="@android:style/Theme.Translucent.NoTitleBar" />
204-->[com.android.billingclient:billing:6.2.1] AndroidManifest.xml:32:13-72
205        <activity
205-->[com.google.android.gms:play-services-base:18.3.0] AndroidManifest.xml:20:9-22:45
206            android:name="com.google.android.gms.common.api.GoogleApiActivity"
206-->[com.google.android.gms:play-services-base:18.3.0] AndroidManifest.xml:20:19-85
207            android:exported="false"
207-->[com.google.android.gms:play-services-base:18.3.0] AndroidManifest.xml:22:19-43
208            android:theme="@android:style/Theme.Translucent.NoTitleBar" />
208-->[com.google.android.gms:play-services-base:18.3.0] AndroidManifest.xml:21:19-78
209
210        <provider
210-->[com.google.firebase:firebase-common:20.4.2] AndroidManifest.xml:23:9-28:39
211            android:name="com.google.firebase.provider.FirebaseInitProvider"
211-->[com.google.firebase:firebase-common:20.4.2] AndroidManifest.xml:24:13-77
212            android:authorities="com.ebizimba.islam.firebaseinitprovider"
212-->[com.google.firebase:firebase-common:20.4.2] AndroidManifest.xml:25:13-72
213            android:directBootAware="true"
213-->[com.google.firebase:firebase-common:20.4.2] AndroidManifest.xml:26:13-43
214            android:exported="false"
214-->[com.google.firebase:firebase-common:20.4.2] AndroidManifest.xml:27:13-37
215            android:initOrder="100" />
215-->[com.google.firebase:firebase-common:20.4.2] AndroidManifest.xml:28:13-36
216        <provider
216-->[androidx.emoji2:emoji2:1.2.0] AndroidManifest.xml:24:9-32:20
217            android:name="androidx.startup.InitializationProvider"
217-->[androidx.emoji2:emoji2:1.2.0] AndroidManifest.xml:25:13-67
218            android:authorities="com.ebizimba.islam.androidx-startup"
218-->[androidx.emoji2:emoji2:1.2.0] AndroidManifest.xml:26:13-68
219            android:exported="false" >
219-->[androidx.emoji2:emoji2:1.2.0] AndroidManifest.xml:27:13-37
220            <meta-data
220-->[androidx.emoji2:emoji2:1.2.0] AndroidManifest.xml:29:13-31:52
221                android:name="androidx.emoji2.text.EmojiCompatInitializer"
221-->[androidx.emoji2:emoji2:1.2.0] AndroidManifest.xml:30:17-75
222                android:value="androidx.startup" />
222-->[androidx.emoji2:emoji2:1.2.0] AndroidManifest.xml:31:17-49
223            <meta-data
223-->[androidx.lifecycle:lifecycle-process:2.6.1] AndroidManifest.xml:29:13-31:52
224                android:name="androidx.lifecycle.ProcessLifecycleInitializer"
224-->[androidx.lifecycle:lifecycle-process:2.6.1] AndroidManifest.xml:30:17-78
225                android:value="androidx.startup" />
225-->[androidx.lifecycle:lifecycle-process:2.6.1] AndroidManifest.xml:31:17-49
226            <meta-data
226-->[androidx.profileinstaller:profileinstaller:1.3.0] AndroidManifest.xml:29:13-31:52
227                android:name="androidx.profileinstaller.ProfileInstallerInitializer"
227-->[androidx.profileinstaller:profileinstaller:1.3.0] AndroidManifest.xml:30:17-85
228                android:value="androidx.startup" />
228-->[androidx.profileinstaller:profileinstaller:1.3.0] AndroidManifest.xml:31:17-49
229        </provider>
230
231        <meta-data
231-->[com.google.android.gms:play-services-basement:18.3.0] AndroidManifest.xml:21:9-23:69
232            android:name="com.google.android.gms.version"
232-->[com.google.android.gms:play-services-basement:18.3.0] AndroidManifest.xml:22:13-58
233            android:value="@integer/google_play_services_version" />
233-->[com.google.android.gms:play-services-basement:18.3.0] AndroidManifest.xml:23:13-66
234
235        <service
235-->[com.google.android.datatransport:transport-backend-cct:3.1.8] AndroidManifest.xml:28:9-34:19
236            android:name="com.google.android.datatransport.runtime.backends.TransportBackendDiscovery"
236-->[com.google.android.datatransport:transport-backend-cct:3.1.8] AndroidManifest.xml:29:13-103
237            android:exported="false" >
237-->[com.google.android.datatransport:transport-backend-cct:3.1.8] AndroidManifest.xml:30:13-37
238            <meta-data
238-->[com.google.android.datatransport:transport-backend-cct:3.1.8] AndroidManifest.xml:31:13-33:39
239                android:name="backend:com.google.android.datatransport.cct.CctBackendFactory"
239-->[com.google.android.datatransport:transport-backend-cct:3.1.8] AndroidManifest.xml:32:17-94
240                android:value="cct" />
240-->[com.google.android.datatransport:transport-backend-cct:3.1.8] AndroidManifest.xml:33:17-36
241        </service>
242        <service
242-->[com.google.android.datatransport:transport-runtime:3.1.8] AndroidManifest.xml:26:9-30:19
243            android:name="com.google.android.datatransport.runtime.scheduling.jobscheduling.JobInfoSchedulerService"
243-->[com.google.android.datatransport:transport-runtime:3.1.8] AndroidManifest.xml:27:13-117
244            android:exported="false"
244-->[com.google.android.datatransport:transport-runtime:3.1.8] AndroidManifest.xml:28:13-37
245            android:permission="android.permission.BIND_JOB_SERVICE" >
245-->[com.google.android.datatransport:transport-runtime:3.1.8] AndroidManifest.xml:29:13-69
246        </service>
247
248        <receiver
248-->[com.google.android.datatransport:transport-runtime:3.1.8] AndroidManifest.xml:32:9-34:40
249            android:name="com.google.android.datatransport.runtime.scheduling.jobscheduling.AlarmManagerSchedulerBroadcastReceiver"
249-->[com.google.android.datatransport:transport-runtime:3.1.8] AndroidManifest.xml:33:13-132
250            android:exported="false" />
250-->[com.google.android.datatransport:transport-runtime:3.1.8] AndroidManifest.xml:34:13-37
251        <receiver
251-->[androidx.profileinstaller:profileinstaller:1.3.0] AndroidManifest.xml:34:9-52:20
252            android:name="androidx.profileinstaller.ProfileInstallReceiver"
252-->[androidx.profileinstaller:profileinstaller:1.3.0] AndroidManifest.xml:35:13-76
253            android:directBootAware="false"
253-->[androidx.profileinstaller:profileinstaller:1.3.0] AndroidManifest.xml:36:13-44
254            android:enabled="true"
254-->[androidx.profileinstaller:profileinstaller:1.3.0] AndroidManifest.xml:37:13-35
255            android:exported="true"
255-->[androidx.profileinstaller:profileinstaller:1.3.0] AndroidManifest.xml:38:13-36
256            android:permission="android.permission.DUMP" >
256-->[androidx.profileinstaller:profileinstaller:1.3.0] AndroidManifest.xml:39:13-57
257            <intent-filter>
257-->[androidx.profileinstaller:profileinstaller:1.3.0] AndroidManifest.xml:40:13-42:29
258                <action android:name="androidx.profileinstaller.action.INSTALL_PROFILE" />
258-->[androidx.profileinstaller:profileinstaller:1.3.0] AndroidManifest.xml:41:17-91
258-->[androidx.profileinstaller:profileinstaller:1.3.0] AndroidManifest.xml:41:25-88
259            </intent-filter>
260            <intent-filter>
260-->[androidx.profileinstaller:profileinstaller:1.3.0] AndroidManifest.xml:43:13-45:29
261                <action android:name="androidx.profileinstaller.action.SKIP_FILE" />
261-->[androidx.profileinstaller:profileinstaller:1.3.0] AndroidManifest.xml:44:17-85
261-->[androidx.profileinstaller:profileinstaller:1.3.0] AndroidManifest.xml:44:25-82
262            </intent-filter>
263            <intent-filter>
263-->[androidx.profileinstaller:profileinstaller:1.3.0] AndroidManifest.xml:46:13-48:29
264                <action android:name="androidx.profileinstaller.action.SAVE_PROFILE" />
264-->[androidx.profileinstaller:profileinstaller:1.3.0] AndroidManifest.xml:47:17-88
264-->[androidx.profileinstaller:profileinstaller:1.3.0] AndroidManifest.xml:47:25-85
265            </intent-filter>
266            <intent-filter>
266-->[androidx.profileinstaller:profileinstaller:1.3.0] AndroidManifest.xml:49:13-51:29
267                <action android:name="androidx.profileinstaller.action.BENCHMARK_OPERATION" />
267-->[androidx.profileinstaller:profileinstaller:1.3.0] AndroidManifest.xml:50:17-95
267-->[androidx.profileinstaller:profileinstaller:1.3.0] AndroidManifest.xml:50:25-92
268            </intent-filter>
269        </receiver>
270    </application>
271
272</manifest>